This file contains any messages produced by compilers while
running configure, to aid debugging if configure makes a mistake.

It was created by mochad configure 0.1.17, which was
generated by GNU Autoconf 2.69.  Invocation command line was

  $ ./configure 

## --------- ##
## Platform. ##
## --------- ##

hostname = raspberrypi
uname -m = armv7l
uname -r = 5.10.92-v7l+
uname -s = Linux
uname -v = #1514 SMP Mon Jan 17 17:38:03 GMT 2022

/usr/bin/uname -p = unknown
/bin/uname -X     = unknown

/bin/arch              = armv7l
/usr/bin/arch -k       = unknown
/usr/convex/getsysinfo = unknown
/usr/bin/hostinfo      = unknown
/bin/machine           = unknown
/usr/bin/oslevel       = unknown
/bin/universe          = unknown

PATH: /usr/local/sbin
PATH: /usr/local/bin
PATH: /usr/sbin
PATH: /usr/bin
PATH: /sbin
PATH: /bin
PATH: /usr/local/games
PATH: /usr/games


## ----------- ##
## Core tests. ##
## ----------- ##

configure:2296: checking for a BSD-compatible install
configure:2364: result: /usr/bin/install -c
configure:2375: checking whether build environment is sane
configure:2430: result: yes
configure:2468: WARNING: 'missing' script is too old or missing
configure:2581: checking for a thread-safe mkdir -p
configure:2620: result: /usr/bin/mkdir -p
configure:2627: checking for gawk
configure:2657: result: no
configure:2627: checking for mawk
configure:2643: found /usr/bin/mawk
configure:2654: result: mawk
configure:2665: checking whether make sets $(MAKE)
configure:2687: result: yes
configure:2716: checking whether make supports nested variables
configure:2733: result: yes
configure:2909: checking for gcc
configure:2925: found /usr/bin/gcc
configure:2936: result: gcc
configure:3165: checking for C compiler version
configure:3174: gcc --version >&5
gcc (Raspbian 10.2.1-6+rpi1) 10.2.1 20210110
Copyright (C) 2020 Free Software Foundation, Inc.
This is free software; see the source for copying conditions.  There is NO
warranty; not even for MERCHANTABILITY or FITNESS FOR A PARTICULAR PURPOSE.

configure:3185: $? = 0
configure:3174: gcc -v >&5
Using built-in specs.
COLLECT_GCC=gcc
COLLECT_LTO_WRAPPER=/usr/lib/gcc/arm-linux-gnueabihf/10/lto-wrapper
Target: arm-linux-gnueabihf
Configured with: ../src/configure -v --with-pkgversion='Raspbian 10.2.1-6+rpi1' --with-bugurl=file:///usr/share/doc/gcc-10/README.Bugs --enable-languages=c,ada,c++,go,d,fortran,objc,obj-c++,m2 --prefix=/usr --with-gcc-major-version-only --program-suffix=-10 --program-prefix=arm-linux-gnueabihf- --enable-shared --enable-linker-build-id --libexecdir=/usr/lib --without-included-gettext --enable-threads=posix --libdir=/usr/lib --enable-nls --enable-bootstrap --enable-clocale=gnu --enable-libstdcxx-debug --enable-libstdcxx-time=yes --with-default-libstdcxx-abi=new --enable-gnu-unique-object --disable-libitm --disable-libquadmath --disable-libquadmath-support --enable-plugin --with-system-zlib --enable-libphobos-checking=release --with-target-system-zlib=auto --enable-objc-gc=auto --enable-multiarch --disable-sjlj-exceptions --with-arch=armv6 --with-fpu=vfp --with-float=hard --disable-werror --enable-checking=release --build=arm-linux-gnueabihf --host=arm-linux-gnueabihf --target=arm-linux-gnueabihf
Thread model: posix
Supported LTO compression algorithms: zlib zstd
gcc version 10.2.1 20210110 (Raspbian 10.2.1-6+rpi1) 
configure:3185: $? = 0
configure:3174: gcc -V >&5
gcc: error: unrecognized command-line option '-V'
gcc: fatal error: no input files
compilation terminated.
configure:3185: $? = 1
configure:3174: gcc -qversion >&5
gcc: error: unrecognized command-line option '-qversion'; did you mean '--version'?
gcc: fatal error: no input files
compilation terminated.
configure:3185: $? = 1
configure:3205: checking whether the C compiler works
configure:3227: gcc    conftest.c  >&5
configure:3231: $? = 0
configure:3279: result: yes
configure:3282: checking for C compiler default output file name
configure:3284: result: a.out
configure:3290: checking for suffix of executables
configure:3297: gcc -o conftest    conftest.c  >&5
configure:3301: $? = 0
configure:3323: result: 
configure:3345: checking whether we are cross compiling
configure:3353: gcc -o conftest    conftest.c  >&5
configure:3357: $? = 0
configure:3364: ./conftest
configure:3368: $? = 0
configure:3383: result: no
configure:3388: checking for suffix of object files
configure:3410: gcc -c   conftest.c >&5
configure:3414: $? = 0
configure:3435: result: o
configure:3439: checking whether we are using the GNU C compiler
configure:3458: gcc -c   conftest.c >&5
configure:3458: $? = 0
configure:3467: result: yes
configure:3476: checking whether gcc accepts -g
configure:3496: gcc -c -g  conftest.c >&5
configure:3496: $? = 0
configure:3537: result: yes
configure:3554: checking for gcc option to accept ISO C89
configure:3617: gcc  -c -g -O2  conftest.c >&5
configure:3617: $? = 0
configure:3630: result: none needed
configure:3655: checking whether gcc understands -c and -o together
configure:3677: gcc -c conftest.c -o conftest2.o
configure:3680: $? = 0
configure:3677: gcc -c conftest.c -o conftest2.o
configure:3680: $? = 0
configure:3692: result: yes
configure:3720: checking for style of include used by make
configure:3748: result: GNU
configure:3774: checking dependency style of gcc
configure:3885: result: gcc3
configure:3901: checking whether make sets $(MAKE)
configure:3923: result: yes
configure:3935: checking for library containing libusb_init
configure:3966: gcc -o conftest -g -O2   conftest.c  >&5
/usr/bin/ld: /tmp/ccPO6NJ8.o: in function `main':
/home/pi/mochad-0.1.21/conftest.c:22: undefined reference to `libusb_init'
collect2: error: ld returned 1 exit status
configure:3966: $? = 1
configure: failed program was:
| /* confdefs.h */
| #define PACKAGE_NAME "mochad"
| #define PACKAGE_TARNAME "mochad"
| #define PACKAGE_VERSION "0.1.17"
| #define PACKAGE_STRING "mochad 0.1.17"
| #define PACKAGE_BUGREPORT "mmauka@users.sourceforge.net"
| #define PACKAGE_URL ""
| #define PACKAGE "mochad"
| #define VERSION "0.1.17"
| /* end confdefs.h.  */
| 
| /* Override any GCC internal prototype to avoid an error.
|    Use char because int might match the return type of a GCC
|    builtin and then its argument prototype would still apply.  */
| #ifdef __cplusplus
| extern "C"
| #endif
| char libusb_init ();
| int
| main ()
| {
| return libusb_init ();
|   ;
|   return 0;
| }
configure:3966: gcc -o conftest -g -O2   conftest.c -lusb-1.0   >&5
configure:3966: $? = 0
configure:3983: result: -lusb-1.0
configure:3998: checking how to run the C preprocessor
configure:4029: gcc -E  conftest.c
configure:4029: $? = 0
configure:4043: gcc -E  conftest.c
conftest.c:11:10: fatal error: ac_nonexistent.h: No such file or directory
   11 | #include <ac_nonexistent.h>
      |          ^~~~~~~~~~~~~~~~~~
compilation terminated.
configure:4043: $? = 1
configure: failed program was:
| /* confdefs.h */
| #define PACKAGE_NAME "mochad"
| #define PACKAGE_TARNAME "mochad"
| #define PACKAGE_VERSION "0.1.17"
| #define PACKAGE_STRING "mochad 0.1.17"
| #define PACKAGE_BUGREPORT "mmauka@users.sourceforge.net"
| #define PACKAGE_URL ""
| #define PACKAGE "mochad"
| #define VERSION "0.1.17"
| /* end confdefs.h.  */
| #include <ac_nonexistent.h>
configure:4068: result: gcc -E
configure:4088: gcc -E  conftest.c
configure:4088: $? = 0
configure:4102: gcc -E  conftest.c
conftest.c:11:10: fatal error: ac_nonexistent.h: No such file or directory
   11 | #include <ac_nonexistent.h>
      |          ^~~~~~~~~~~~~~~~~~
compilation terminated.
configure:4102: $? = 1
configure: failed program was:
| /* confdefs.h */
| #define PACKAGE_NAME "mochad"
| #define PACKAGE_TARNAME "mochad"
| #define PACKAGE_VERSION "0.1.17"
| #define PACKAGE_STRING "mochad 0.1.17"
| #define PACKAGE_BUGREPORT "mmauka@users.sourceforge.net"
| #define PACKAGE_URL ""
| #define PACKAGE "mochad"
| #define VERSION "0.1.17"
| /* end confdefs.h.  */
| #include <ac_nonexistent.h>
configure:4131: checking for grep that handles long lines and -e
configure:4189: result: /usr/bin/grep
configure:4194: checking for egrep
configure:4256: result: /usr/bin/grep -E
configure:4261: checking for ANSI C header files
configure:4281: gcc -c -g -O2  conftest.c >&5
configure:4281: $? = 0
configure:4354: gcc -o conftest -g -O2   conftest.c -lusb-1.0  >&5
configure:4354: $? = 0
configure:4354: ./conftest
configure:4354: $? = 0
configure:4365: result: yes
configure:4378: checking for sys/types.h
configure:4378: gcc -c -g -O2  conftest.c >&5
configure:4378: $? = 0
configure:4378: result: yes
configure:4378: checking for sys/stat.h
configure:4378: gcc -c -g -O2  conftest.c >&5
configure:4378: $? = 0
configure:4378: result: yes
configure:4378: checking for stdlib.h
configure:4378: gcc -c -g -O2  conftest.c >&5
configure:4378: $? = 0
configure:4378: result: yes
configure:4378: checking for string.h
configure:4378: gcc -c -g -O2  conftest.c >&5
configure:4378: $? = 0
configure:4378: result: yes
configure:4378: checking for memory.h
configure:4378: gcc -c -g -O2  conftest.c >&5
configure:4378: $? = 0
configure:4378: result: yes
configure:4378: checking for strings.h
configure:4378: gcc -c -g -O2  conftest.c >&5
configure:4378: $? = 0
configure:4378: result: yes
configure:4378: checking for inttypes.h
configure:4378: gcc -c -g -O2  conftest.c >&5
configure:4378: $? = 0
configure:4378: result: yes
configure:4378: checking for stdint.h
configure:4378: gcc -c -g -O2  conftest.c >&5
configure:4378: $? = 0
configure:4378: result: yes
configure:4378: checking for unistd.h
configure:4378: gcc -c -g -O2  conftest.c >&5
configure:4378: $? = 0
configure:4378: result: yes
configure:4393: checking fcntl.h usability
configure:4393: gcc -c -g -O2  conftest.c >&5
configure:4393: $? = 0
configure:4393: result: yes
configure:4393: checking fcntl.h presence
configure:4393: gcc -E  conftest.c
configure:4393: $? = 0
configure:4393: result: yes
configure:4393: checking for fcntl.h
configure:4393: result: yes
configure:4393: checking netinet/in.h usability
configure:4393: gcc -c -g -O2  conftest.c >&5
configure:4393: $? = 0
configure:4393: result: yes
configure:4393: checking netinet/in.h presence
configure:4393: gcc -E  conftest.c
configure:4393: $? = 0
configure:4393: result: yes
configure:4393: checking for netinet/in.h
configure:4393: result: yes
configure:4393: checking for stdlib.h
configure:4393: result: yes
configure:4393: checking for string.h
configure:4393: result: yes
configure:4393: checking sys/socket.h usability
configure:4393: gcc -c -g -O2  conftest.c >&5
configure:4393: $? = 0
configure:4393: result: yes
configure:4393: checking sys/socket.h presence
configure:4393: gcc -E  conftest.c
configure:4393: $? = 0
configure:4393: result: yes
configure:4393: checking for sys/socket.h
configure:4393: result: yes
configure:4393: checking syslog.h usability
configure:4393: gcc -c -g -O2  conftest.c >&5
configure:4393: $? = 0
configure:4393: result: yes
configure:4393: checking syslog.h presence
configure:4393: gcc -E  conftest.c
configure:4393: $? = 0
configure:4393: result: yes
configure:4393: checking for syslog.h
configure:4393: result: yes
configure:4393: checking for unistd.h
configure:4393: result: yes
configure:4405: checking for pid_t
configure:4405: gcc -c -g -O2  conftest.c >&5
configure:4405: $? = 0
configure:4405: gcc -c -g -O2  conftest.c >&5
conftest.c: In function 'main':
conftest.c:64:20: error: expected expression before ')' token
   64 | if (sizeof ((pid_t)))
      |                    ^
configure:4405: $? = 1
configure: failed program was:
| /* confdefs.h */
| #define PACKAGE_NAME "mochad"
| #define PACKAGE_TARNAME "mochad"
| #define PACKAGE_VERSION "0.1.17"
| #define PACKAGE_STRING "mochad 0.1.17"
| #define PACKAGE_BUGREPORT "mmauka@users.sourceforge.net"
| #define PACKAGE_URL ""
| #define PACKAGE "mochad"
| #define VERSION "0.1.17"
| #define STDC_HEADERS 1
| #define HAVE_SYS_TYPES_H 1
| #define HAVE_SYS_STAT_H 1
| #define HAVE_STDLIB_H 1
| #define HAVE_STRING_H 1
| #define HAVE_MEMORY_H 1
| #define HAVE_STRINGS_H 1
| #define HAVE_INTTYPES_H 1
| #define HAVE_STDINT_H 1
| #define HAVE_UNISTD_H 1
| #define HAVE_FCNTL_H 1
| #define HAVE_NETINET_IN_H 1
| #define HAVE_STDLIB_H 1
| #define HAVE_STRING_H 1
| #define HAVE_SYS_SOCKET_H 1
| #define HAVE_SYSLOG_H 1
| #define HAVE_UNISTD_H 1
| /* end confdefs.h.  */
| #include <stdio.h>
| #ifdef HAVE_SYS_TYPES_H
| # include <sys/types.h>
| #endif
| #ifdef HAVE_SYS_STAT_H
| # include <sys/stat.h>
| #endif
| #ifdef STDC_HEADERS
| # include <stdlib.h>
| # include <stddef.h>
| #else
| # ifdef HAVE_STDLIB_H
| #  include <stdlib.h>
| # endif
| #endif
| #ifdef HAVE_STRING_H
| # if !defined STDC_HEADERS && defined HAVE_MEMORY_H
| #  include <memory.h>
| # endif
| # include <string.h>
| #endif
| #ifdef HAVE_STRINGS_H
| # include <strings.h>
| #endif
| #ifdef HAVE_INTTYPES_H
| # include <inttypes.h>
| #endif
| #ifdef HAVE_STDINT_H
| # include <stdint.h>
| #endif
| #ifdef HAVE_UNISTD_H
| # include <unistd.h>
| #endif
| int
| main ()
| {
| if (sizeof ((pid_t)))
| 	    return 0;
|   ;
|   return 0;
| }
configure:4405: result: yes
configure:4416: checking for size_t
configure:4416: gcc -c -g -O2  conftest.c >&5
configure:4416: $? = 0
configure:4416: gcc -c -g -O2  conftest.c >&5
conftest.c: In function 'main':
conftest.c:64:21: error: expected expression before ')' token
   64 | if (sizeof ((size_t)))
      |                     ^
configure:4416: $? = 1
configure: failed program was:
| /* confdefs.h */
| #define PACKAGE_NAME "mochad"
| #define PACKAGE_TARNAME "mochad"
| #define PACKAGE_VERSION "0.1.17"
| #define PACKAGE_STRING "mochad 0.1.17"
| #define PACKAGE_BUGREPORT "mmauka@users.sourceforge.net"
| #define PACKAGE_URL ""
| #define PACKAGE "mochad"
| #define VERSION "0.1.17"
| #define STDC_HEADERS 1
| #define HAVE_SYS_TYPES_H 1
| #define HAVE_SYS_STAT_H 1
| #define HAVE_STDLIB_H 1
| #define HAVE_STRING_H 1
| #define HAVE_MEMORY_H 1
| #define HAVE_STRINGS_H 1
| #define HAVE_INTTYPES_H 1
| #define HAVE_STDINT_H 1
| #define HAVE_UNISTD_H 1
| #define HAVE_FCNTL_H 1
| #define HAVE_NETINET_IN_H 1
| #define HAVE_STDLIB_H 1
| #define HAVE_STRING_H 1
| #define HAVE_SYS_SOCKET_H 1
| #define HAVE_SYSLOG_H 1
| #define HAVE_UNISTD_H 1
| /* end confdefs.h.  */
| #include <stdio.h>
| #ifdef HAVE_SYS_TYPES_H
| # include <sys/types.h>
| #endif
| #ifdef HAVE_SYS_STAT_H
| # include <sys/stat.h>
| #endif
| #ifdef STDC_HEADERS
| # include <stdlib.h>
| # include <stddef.h>
| #else
| # ifdef HAVE_STDLIB_H
| #  include <stdlib.h>
| # endif
| #endif
| #ifdef HAVE_STRING_H
| # if !defined STDC_HEADERS && defined HAVE_MEMORY_H
| #  include <memory.h>
| # endif
| # include <string.h>
| #endif
| #ifdef HAVE_STRINGS_H
| # include <strings.h>
| #endif
| #ifdef HAVE_INTTYPES_H
| # include <inttypes.h>
| #endif
| #ifdef HAVE_STDINT_H
| # include <stdint.h>
| #endif
| #ifdef HAVE_UNISTD_H
| # include <unistd.h>
| #endif
| int
| main ()
| {
| if (sizeof ((size_t)))
| 	    return 0;
|   ;
|   return 0;
| }
configure:4416: result: yes
configure:4427: checking for uint16_t
configure:4427: gcc -c -g -O2  conftest.c >&5
configure:4427: $? = 0
configure:4427: result: yes
configure:4439: checking for uint8_t
configure:4439: gcc -c -g -O2  conftest.c >&5
configure:4439: $? = 0
configure:4439: result: yes
configure:4457: checking vfork.h usability
configure:4457: gcc -c -g -O2  conftest.c >&5
conftest.c:61:10: fatal error: vfork.h: No such file or directory
   61 | #include <vfork.h>
      |          ^~~~~~~~~
compilation terminated.
configure:4457: $? = 1
configure: failed program was:
| /* confdefs.h */
| #define PACKAGE_NAME "mochad"
| #define PACKAGE_TARNAME "mochad"
| #define PACKAGE_VERSION "0.1.17"
| #define PACKAGE_STRING "mochad 0.1.17"
| #define PACKAGE_BUGREPORT "mmauka@users.sourceforge.net"
| #define PACKAGE_URL ""
| #define PACKAGE "mochad"
| #define VERSION "0.1.17"
| #define STDC_HEADERS 1
| #define HAVE_SYS_TYPES_H 1
| #define HAVE_SYS_STAT_H 1
| #define HAVE_STDLIB_H 1
| #define HAVE_STRING_H 1
| #define HAVE_MEMORY_H 1
| #define HAVE_STRINGS_H 1
| #define HAVE_INTTYPES_H 1
| #define HAVE_STDINT_H 1
| #define HAVE_UNISTD_H 1
| #define HAVE_FCNTL_H 1
| #define HAVE_NETINET_IN_H 1
| #define HAVE_STDLIB_H 1
| #define HAVE_STRING_H 1
| #define HAVE_SYS_SOCKET_H 1
| #define HAVE_SYSLOG_H 1
| #define HAVE_UNISTD_H 1
| /* end confdefs.h.  */
| #include <stdio.h>
| #ifdef HAVE_SYS_TYPES_H
| # include <sys/types.h>
| #endif
| #ifdef HAVE_SYS_STAT_H
| # include <sys/stat.h>
| #endif
| #ifdef STDC_HEADERS
| # include <stdlib.h>
| # include <stddef.h>
| #else
| # ifdef HAVE_STDLIB_H
| #  include <stdlib.h>
| # endif
| #endif
| #ifdef HAVE_STRING_H
| # if !defined STDC_HEADERS && defined HAVE_MEMORY_H
| #  include <memory.h>
| # endif
| # include <string.h>
| #endif
| #ifdef HAVE_STRINGS_H
| # include <strings.h>
| #endif
| #ifdef HAVE_INTTYPES_H
| # include <inttypes.h>
| #endif
| #ifdef HAVE_STDINT_H
| # include <stdint.h>
| #endif
| #ifdef HAVE_UNISTD_H
| # include <unistd.h>
| #endif
| #include <vfork.h>
configure:4457: result: no
configure:4457: checking vfork.h presence
configure:4457: gcc -E  conftest.c
conftest.c:28:10: fatal error: vfork.h: No such file or directory
   28 | #include <vfork.h>
      |          ^~~~~~~~~
compilation terminated.
configure:4457: $? = 1
configure: failed program was:
| /* confdefs.h */
| #define PACKAGE_NAME "mochad"
| #define PACKAGE_TARNAME "mochad"
| #define PACKAGE_VERSION "0.1.17"
| #define PACKAGE_STRING "mochad 0.1.17"
| #define PACKAGE_BUGREPORT "mmauka@users.sourceforge.net"
| #define PACKAGE_URL ""
| #define PACKAGE "mochad"
| #define VERSION "0.1.17"
| #define STDC_HEADERS 1
| #define HAVE_SYS_TYPES_H 1
| #define HAVE_SYS_STAT_H 1
| #define HAVE_STDLIB_H 1
| #define HAVE_STRING_H 1
| #define HAVE_MEMORY_H 1
| #define HAVE_STRINGS_H 1
| #define HAVE_INTTYPES_H 1
| #define HAVE_STDINT_H 1
| #define HAVE_UNISTD_H 1
| #define HAVE_FCNTL_H 1
| #define HAVE_NETINET_IN_H 1
| #define HAVE_STDLIB_H 1
| #define HAVE_STRING_H 1
| #define HAVE_SYS_SOCKET_H 1
| #define HAVE_SYSLOG_H 1
| #define HAVE_UNISTD_H 1
| /* end confdefs.h.  */
| #include <vfork.h>
configure:4457: result: no
configure:4457: checking for vfork.h
configure:4457: result: no
configure:4470: checking for fork
configure:4470: gcc -o conftest -g -O2   conftest.c -lusb-1.0  >&5
conftest.c:51:6: warning: conflicting types for built-in function 'fork'; expected 'int(void)' [-Wbuiltin-declaration-mismatch]
   51 | char fork ();
      |      ^~~~
configure:4470: $? = 0
configure:4470: result: yes
configure:4470: checking for vfork
configure:4470: gcc -o conftest -g -O2   conftest.c -lusb-1.0  >&5
configure:4470: $? = 0
configure:4470: result: yes
configure:4480: checking for working fork
configure:4502: gcc -o conftest -g -O2   conftest.c -lusb-1.0  >&5
configure:4502: $? = 0
configure:4502: ./conftest
configure:4502: $? = 0
configure:4512: result: yes
configure:4533: checking for working vfork
configure:4643: result: yes
configure:4670: checking for stdlib.h
configure:4670: result: yes
configure:4680: checking for GNU libc compatible malloc
configure:4704: gcc -o conftest -g -O2   conftest.c -lusb-1.0  >&5
configure:4704: $? = 0
configure:4704: ./conftest
configure:4704: $? = 0
configure:4714: result: yes
configure:4738: checking for alarm
configure:4738: gcc -o conftest -g -O2   conftest.c -lusb-1.0  >&5
configure:4738: $? = 0
configure:4738: result: yes
configure:4738: checking for memset
configure:4738: gcc -o conftest -g -O2   conftest.c -lusb-1.0  >&5
conftest.c:58:6: warning: conflicting types for built-in function 'memset'; expected 'void *(void *, int,  unsigned int)' [-Wbuiltin-declaration-mismatch]
   58 | char memset ();
      |      ^~~~~~
conftest.c:46:1: note: 'memset' is declared in header '<string.h>'
   45 | # include <limits.h>
   46 | #else
configure:4738: $? = 0
configure:4738: result: yes
configure:4738: checking for select
configure:4738: gcc -o conftest -g -O2   conftest.c -lusb-1.0  >&5
configure:4738: $? = 0
configure:4738: result: yes
configure:4738: checking for socket
configure:4738: gcc -o conftest -g -O2   conftest.c -lusb-1.0  >&5
configure:4738: $? = 0
configure:4738: result: yes
configure:4738: checking for strerror
configure:4738: gcc -o conftest -g -O2   conftest.c -lusb-1.0  >&5
configure:4738: $? = 0
configure:4738: result: yes
configure:4738: checking for strtol
configure:4738: gcc -o conftest -g -O2   conftest.c -lusb-1.0  >&5
configure:4738: $? = 0
configure:4738: result: yes
configure:4738: checking for strtoul
configure:4738: gcc -o conftest -g -O2   conftest.c -lusb-1.0  >&5
configure:4738: $? = 0
configure:4738: result: yes
configure:4887: checking that generated files are newer than configure
configure:4893: result: done
configure:4916: creating ./config.status

## ---------------------- ##
## Running config.status. ##
## ---------------------- ##

This file was extended by mochad config.status 0.1.17, which was
generated by GNU Autoconf 2.69.  Invocation command line was

  CONFIG_FILES    = 
  CONFIG_HEADERS  = 
  CONFIG_LINKS    = 
  CONFIG_COMMANDS = 
  $ ./config.status 

on raspberrypi

config.status:779: creating Makefile
config.status:951: executing depfiles commands

## ---------------- ##
## Cache variables. ##
## ---------------- ##

ac_cv_c_compiler_gnu=yes
ac_cv_c_uint16_t=yes
ac_cv_c_uint8_t=yes
ac_cv_env_CC_set=
ac_cv_env_CC_value=
ac_cv_env_CFLAGS_set=
ac_cv_env_CFLAGS_value=
ac_cv_env_CPPFLAGS_set=
ac_cv_env_CPPFLAGS_value=
ac_cv_env_CPP_set=
ac_cv_env_CPP_value=
ac_cv_env_LDFLAGS_set=
ac_cv_env_LDFLAGS_value=
ac_cv_env_LIBS_set=
ac_cv_env_LIBS_value=
ac_cv_env_build_alias_set=
ac_cv_env_build_alias_value=
ac_cv_env_host_alias_set=
ac_cv_env_host_alias_value=
ac_cv_env_target_alias_set=
ac_cv_env_target_alias_value=
ac_cv_func_alarm=yes
ac_cv_func_fork=yes
ac_cv_func_fork_works=yes
ac_cv_func_malloc_0_nonnull=yes
ac_cv_func_memset=yes
ac_cv_func_select=yes
ac_cv_func_socket=yes
ac_cv_func_strerror=yes
ac_cv_func_strtol=yes
ac_cv_func_strtoul=yes
ac_cv_func_vfork=yes
ac_cv_func_vfork_works=yes
ac_cv_header_fcntl_h=yes
ac_cv_header_inttypes_h=yes
ac_cv_header_memory_h=yes
ac_cv_header_netinet_in_h=yes
ac_cv_header_stdc=yes
ac_cv_header_stdint_h=yes
ac_cv_header_stdlib_h=yes
ac_cv_header_string_h=yes
ac_cv_header_strings_h=yes
ac_cv_header_sys_socket_h=yes
ac_cv_header_sys_stat_h=yes
ac_cv_header_sys_types_h=yes
ac_cv_header_syslog_h=yes
ac_cv_header_unistd_h=yes
ac_cv_header_vfork_h=no
ac_cv_objext=o
ac_cv_path_EGREP='/usr/bin/grep -E'
ac_cv_path_GREP=/usr/bin/grep
ac_cv_path_install='/usr/bin/install -c'
ac_cv_path_mkdir=/usr/bin/mkdir
ac_cv_prog_AWK=mawk
ac_cv_prog_CPP='gcc -E'
ac_cv_prog_ac_ct_CC=gcc
ac_cv_prog_cc_c89=
ac_cv_prog_cc_g=yes
ac_cv_prog_make_make_set=yes
ac_cv_search_libusb_init=-lusb-1.0
ac_cv_type_pid_t=yes
ac_cv_type_size_t=yes
am_cv_CC_dependencies_compiler_type=gcc3
am_cv_make_support_nested_variables=yes
am_cv_prog_cc_c_o=yes

## ----------------- ##
## Output variables. ##
## ----------------- ##

ACLOCAL='aclocal-1.14'
AMDEPBACKSLASH='\'
AMDEP_FALSE='#'
AMDEP_TRUE=''
AMTAR='$${TAR-tar}'
AM_BACKSLASH='\'
AM_DEFAULT_V='$(AM_DEFAULT_VERBOSITY)'
AM_DEFAULT_VERBOSITY='1'
AM_V='$(V)'
AUTOCONF='autoconf'
AUTOHEADER='autoheader'
AUTOMAKE='automake-1.14'
AWK='mawk'
CC='gcc'
CCDEPMODE='depmode=gcc3'
CFLAGS='-g -O2'
CPP='gcc -E'
CPPFLAGS=''
CYGPATH_W='echo'
DEFS='-DPACKAGE_NAME=\"mochad\" -DPACKAGE_TARNAME=\"mochad\" -DPACKAGE_VERSION=\"0.1.17\" -DPACKAGE_STRING=\"mochad\ 0.1.17\" -DPACKAGE_BUGREPORT=\"mmauka@users.sourceforge.net\" -DPACKAGE_URL=\"\" -DPACKAGE=\"mochad\" -DVERSION=\"0.1.17\" -DSTDC_HEADERS=1 -DHAVE_SYS_TYPES_H=1 -DHAVE_SYS_STAT_H=1 -DHAVE_STDLIB_H=1 -DHAVE_STRING_H=1 -DHAVE_MEMORY_H=1 -DHAVE_STRINGS_H=1 -DHAVE_INTTYPES_H=1 -DHAVE_STDINT_H=1 -DHAVE_UNISTD_H=1 -DHAVE_FCNTL_H=1 -DHAVE_NETINET_IN_H=1 -DHAVE_STDLIB_H=1 -DHAVE_STRING_H=1 -DHAVE_SYS_SOCKET_H=1 -DHAVE_SYSLOG_H=1 -DHAVE_UNISTD_H=1 -DHAVE_FORK=1 -DHAVE_VFORK=1 -DHAVE_WORKING_VFORK=1 -DHAVE_WORKING_FORK=1 -DHAVE_STDLIB_H=1 -DHAVE_MALLOC=1 -DHAVE_ALARM=1 -DHAVE_MEMSET=1 -DHAVE_SELECT=1 -DHAVE_SOCKET=1 -DHAVE_STRERROR=1 -DHAVE_STRTOL=1 -DHAVE_STRTOUL=1'
DEPDIR='.deps'
ECHO_C=''
ECHO_N='-n'
ECHO_T=''
EGREP='/usr/bin/grep -E'
EXEEXT=''
GREP='/usr/bin/grep'
INSTALL_DATA='${INSTALL} -m 644'
INSTALL_PROGRAM='${INSTALL}'
INSTALL_SCRIPT='${INSTALL}'
INSTALL_STRIP_PROGRAM='$(install_sh) -c -s'
LDFLAGS=''
LIBOBJS=''
LIBS='-lusb-1.0 '
LTLIBOBJS=''
MAKEINFO='makeinfo'
MKDIR_P='/usr/bin/mkdir -p'
OBJEXT='o'
PACKAGE='mochad'
PACKAGE_BUGREPORT='mmauka@users.sourceforge.net'
PACKAGE_NAME='mochad'
PACKAGE_STRING='mochad 0.1.17'
PACKAGE_TARNAME='mochad'
PACKAGE_URL=''
PACKAGE_VERSION='0.1.17'
PATH_SEPARATOR=':'
SET_MAKE=''
SHELL='/bin/bash'
STRIP=''
VERSION='0.1.17'
ac_ct_CC='gcc'
am__EXEEXT_FALSE=''
am__EXEEXT_TRUE='#'
am__fastdepCC_FALSE='#'
am__fastdepCC_TRUE=''
am__include='include'
am__isrc=''
am__leading_dot='.'
am__nodep='_no'
am__quote=''
am__tar='$${TAR-tar} chof - "$$tardir"'
am__untar='$${TAR-tar} xf -'
bindir='${exec_prefix}/bin'
build_alias=''
datadir='${datarootdir}'
datarootdir='${prefix}/share'
docdir='${datarootdir}/doc/${PACKAGE_TARNAME}'
dvidir='${docdir}'
exec_prefix='${prefix}'
host_alias=''
htmldir='${docdir}'
includedir='${prefix}/include'
infodir='${datarootdir}/info'
install_sh='${SHELL} /home/pi/mochad-0.1.21/install-sh'
libdir='${exec_prefix}/lib'
libexecdir='${exec_prefix}/libexec'
localedir='${datarootdir}/locale'
localstatedir='${prefix}/var'
mandir='${datarootdir}/man'
mkdir_p='$(MKDIR_P)'
oldincludedir='/usr/include'
pdfdir='${docdir}'
prefix='/usr/local'
program_transform_name='s,x,x,'
psdir='${docdir}'
sbindir='${exec_prefix}/sbin'
sharedstatedir='${prefix}/com'
sysconfdir='${prefix}/etc'
target_alias=''

## ----------- ##
## confdefs.h. ##
## ----------- ##

/* confdefs.h */
#define PACKAGE_NAME "mochad"
#define PACKAGE_TARNAME "mochad"
#define PACKAGE_VERSION "0.1.17"
#define PACKAGE_STRING "mochad 0.1.17"
#define PACKAGE_BUGREPORT "mmauka@users.sourceforge.net"
#define PACKAGE_URL ""
#define PACKAGE "mochad"
#define VERSION "0.1.17"
#define STDC_HEADERS 1
#define HAVE_SYS_TYPES_H 1
#define HAVE_SYS_STAT_H 1
#define HAVE_STDLIB_H 1
#define HAVE_STRING_H 1
#define HAVE_MEMORY_H 1
#define HAVE_STRINGS_H 1
#define HAVE_INTTYPES_H 1
#define HAVE_STDINT_H 1
#define HAVE_UNISTD_H 1
#define HAVE_FCNTL_H 1
#define HAVE_NETINET_IN_H 1
#define HAVE_STDLIB_H 1
#define HAVE_STRING_H 1
#define HAVE_SYS_SOCKET_H 1
#define HAVE_SYSLOG_H 1
#define HAVE_UNISTD_H 1
#define HAVE_FORK 1
#define HAVE_VFORK 1
#define HAVE_WORKING_VFORK 1
#define HAVE_WORKING_FORK 1
#define HAVE_STDLIB_H 1
#define HAVE_MALLOC 1
#define HAVE_ALARM 1
#define HAVE_MEMSET 1
#define HAVE_SELECT 1
#define HAVE_SOCKET 1
#define HAVE_STRERROR 1
#define HAVE_STRTOL 1
#define HAVE_STRTOUL 1

configure: exit 0
